-------------------------------------------------------------------------------
Test set: application.ShanghaiApplicationTest
-------------------------------------------------------------------------------
Tests run: 1, Failures: 1, Errors: 0, Skipped: 0, Time elapsed: 1.307 s <<< FAILURE! - in application.ShanghaiApplicationTest
chartTest(application.ShanghaiApplicationTest)  Time elapsed: 1.224 s  <<< FAILURE!
java.lang.AssertionError: Create the NumberAxis object that represents the x axis so that you give it a lower limit as a parameter to constrain the lowest displayed value.  Since the first data point is at value 2007, a good first value to show on the x axis might be a little before that point.
	at application.ShanghaiApplicationTest.chartTest(ShanghaiApplicationTest.java:81)

