<?xml version="1.0" encoding="UTF-8"?>
<testsuite xmlns:xsi="http://www.w3.org/2001/XMLSchema-instance" xsi:noNamespaceSchemaLocation="https://maven.apache.org/surefire/maven-surefire-plugin/xsd/surefire-test-report.xsd" name="application.ShanghaiApplicationTest" time="1.307" tests="1" errors="0" skipped="0" failures="1">
  <properties>
[...]
</properties>
  <testcase name="chartTest" classname="application.ShanghaiApplicationTest" time="1.224">
    <failure message="Create the NumberAxis object that represents the x axis so that you give it a lower limit as a parameter to constrain the lowest displayed value.  Since the first data point is at value 2007, a good first value to show on the x axis might be a little before that point." type="java.lang.AssertionError">java.lang.AssertionError: Create the NumberAxis object that represents the x axis so that you give it a lower limit as a parameter to constrain the lowest displayed value.  Since the first data point is at value 2007, a good first value to show on the x axis might be a little before that point.
	at application.ShanghaiApplicationTest.chartTest(ShanghaiApplicationTest.java:81)
</failure>
    <system-err><![CDATA[java.lang.NumberFormatException: For input string: "2007 73"
	at java.base/java.lang.NumberFormatException.forInputString(NumberFormatException.java:65)
	at java.base/java.lang.Integer.parseInt(Integer.java:652)
	at java.base/java.lang.Integer.parseInt(Integer.java:770)
	at application.ShanghaiApplication.HashMapFromTextFile(ShanghaiApplication.java:41)
	at application.ShanghaiApplication.start(ShanghaiApplication.java:86)
	at java.base/jdk.internal.reflect.NativeMethodAccessorImpl.invoke0(Native Method)
	at java.base/jdk.internal.reflect.NativeMethodAccessorImpl.invoke(NativeMethodAccessorImpl.java:62)
	at java.base/jdk.internal.reflect.DelegatingMethodAccessorImpl.invoke(DelegatingMethodAccessorImpl.java:43)
	at java.base/java.lang.reflect.Method.invoke(Method.java:566)
	at fi.helsinki.cs.tmc.edutestutils.ReflectionUtils.invokeMethod(ReflectionUtils.java:508)
	at fi.helsinki.cs.tmc.edutestutils.Reflex$MethodRef.invokeMethodOn(Reflex.java:603)
	at fi.helsinki.cs.tmc.edutestutils.Reflex$MethodRef.invokeOnImpl(Reflex.java:573)
	at fi.helsinki.cs.tmc.edutestutils.Reflex$MethodRef1.invokeOn(Reflex.java:759)
	at application.ShanghaiApplicationTest.start(ShanghaiApplicationTest.java:50)
	at org.testfx.framework.junit.ApplicationAdapter.start(ApplicationAdapter.java:41)
	at org.testfx.toolkit.impl.ApplicationServiceImpl.lambda$start$0(ApplicationServiceImpl.java:49)
	at java.base/java.util.concurrent.FutureTask.run(FutureTask.java:264)
	at com.sun.javafx.application.PlatformImpl.lambda$runLater$10(PlatformImpl.java:428)
	at java.base/java.security.AccessController.doPrivileged(Native Method)
	at com.sun.javafx.application.PlatformImpl.lambda$runLater$11(PlatformImpl.java:427)
	at com.sun.glass.ui.InvokeLaterDispatcher$Future.run(InvokeLaterDispatcher.java:96)
	at com.sun.glass.ui.win.WinApplication._runLoop(Native Method)
	at com.sun.glass.ui.win.WinApplication.lambda$runLoop$3(WinApplication.java:174)
	at java.base/java.lang.Thread.run(Thread.java:829)
]]></system-err>
  </testcase>
</testsuite>