<?xml version="1.0" encoding="UTF-8"?>
<testsuite xmlns:xsi="http://www.w3.org/2001/XMLSchema-instance" xsi:noNamespaceSchemaLocation="https://maven.apache.org/surefire/maven-surefire-plugin/xsd/surefire-test-report.xsd" name="ticTacToe.TicTacToeApplicationTest" time="2.943" tests="8" errors="0" skipped="0" failures="7">
  <properties>
[...]
</properties>
  <testcase name="turnChangesWhenGameIsPlayed" classname="ticTacToe.TicTacToeApplicationTest" time="1.131">
    <failure message="At the beginning of the game the text label should display &quot;Turn: X&quot;. Now it contained the text: &quot;Turn: &quot;. expected:&lt;Turn: [X]&gt; but was:&lt;Turn: []&gt;" type="org.junit.ComparisonFailure"><![CDATA[org.junit.ComparisonFailure: At the beginning of the game the text label should display "Turn: X". Now it contained the text: "Turn: ". expected:<Turn: [X]> but was:<Turn: []>
	at ticTacToe.TicTacToeApplicationTest.checkTurnChange(TicTacToeApplicationTest.java:120)
	at ticTacToe.TicTacToeApplicationTest.turnChangesWhenGameIsPlayed(TicTacToeApplicationTest.java:103)
]]></failure>
  </testcase>
  <testcase name="samePositionCannotBePlayedTwice" classname="ticTacToe.TicTacToeApplicationTest" time="0.252">
    <failure message="At the beginning of the game the text label should display &quot;Turn: X&quot;. Now it contained the text: &quot;Turn: &quot;. expected:&lt;Turn: [X]&gt; but was:&lt;Turn: []&gt;" type="org.junit.ComparisonFailure"><![CDATA[org.junit.ComparisonFailure: At the beginning of the game the text label should display "Turn: X". Now it contained the text: "Turn: ". expected:<Turn: [X]> but was:<Turn: []>
	at ticTacToe.TicTacToeApplicationTest.checkThatSamePositionCannotBePlayedTwice(TicTacToeApplicationTest.java:194)
	at ticTacToe.TicTacToeApplicationTest.samePositionCannotBePlayedTwice(TicTacToeApplicationTest.java:139)
]]></failure>
  </testcase>
  <testcase name="turnChangesWhenGameIsPlayed2" classname="ticTacToe.TicTacToeApplicationTest" time="0.249">
    <failure message="At the beginning of the game the text label should display &quot;Turn: X&quot;. Now it contained the text: &quot;Turn: &quot;. expected:&lt;Turn: [X]&gt; but was:&lt;Turn: []&gt;" type="org.junit.ComparisonFailure"><![CDATA[org.junit.ComparisonFailure: At the beginning of the game the text label should display "Turn: X". Now it contained the text: "Turn: ". expected:<Turn: [X]> but was:<Turn: []>
	at ticTacToe.TicTacToeApplicationTest.checkTurnChange(TicTacToeApplicationTest.java:120)
	at ticTacToe.TicTacToeApplicationTest.turnChangesWhenGameIsPlayed2(TicTacToeApplicationTest.java:109)
]]></failure>
  </testcase>
  <testcase name="turnChangesWhenGameIsPlayed3" classname="ticTacToe.TicTacToeApplicationTest" time="0.245">
    <failure message="At the beginning of the game the text label should display &quot;Turn: X&quot;. Now it contained the text: &quot;Turn: &quot;. expected:&lt;Turn: [X]&gt; but was:&lt;Turn: []&gt;" type="org.junit.ComparisonFailure"><![CDATA[org.junit.ComparisonFailure: At the beginning of the game the text label should display "Turn: X". Now it contained the text: "Turn: ". expected:<Turn: [X]> but was:<Turn: []>
	at ticTacToe.TicTacToeApplicationTest.checkTurnChange(TicTacToeApplicationTest.java:120)
	at ticTacToe.TicTacToeApplicationTest.turnChangesWhenGameIsPlayed3(TicTacToeApplicationTest.java:115)
]]></failure>
  </testcase>
  <testcase name="samePositionCannotBePlayedTwice2" classname="ticTacToe.TicTacToeApplicationTest" time="0.247">
    <failure message="At the beginning of the game the text label should display &quot;Turn: X&quot;. Now it contained the text: &quot;Turn: &quot;. expected:&lt;Turn: [X]&gt; but was:&lt;Turn: []&gt;" type="org.junit.ComparisonFailure"><![CDATA[org.junit.ComparisonFailure: At the beginning of the game the text label should display "Turn: X". Now it contained the text: "Turn: ". expected:<Turn: [X]> but was:<Turn: []>
	at ticTacToe.TicTacToeApplicationTest.checkThatSamePositionCannotBePlayedTwice(TicTacToeApplicationTest.java:194)
	at ticTacToe.TicTacToeApplicationTest.samePositionCannotBePlayedTwice2(TicTacToeApplicationTest.java:145)
]]></failure>
  </testcase>
  <testcase name="samePositionCannotBePlacedTwice3" classname="ticTacToe.TicTacToeApplicationTest" time="0.247">
    <failure message="At the beginning of the game the text label should display &quot;Turn: X&quot;. Now it contained the text: &quot;Turn: &quot;. expected:&lt;Turn: [X]&gt; but was:&lt;Turn: []&gt;" type="org.junit.ComparisonFailure"><![CDATA[org.junit.ComparisonFailure: At the beginning of the game the text label should display "Turn: X". Now it contained the text: "Turn: ". expected:<Turn: [X]> but was:<Turn: []>
	at ticTacToe.TicTacToeApplicationTest.checkThatSamePositionCannotBePlayedTwice(TicTacToeApplicationTest.java:194)
	at ticTacToe.TicTacToeApplicationTest.samePositionCannotBePlacedTwice3(TicTacToeApplicationTest.java:151)
]]></failure>
  </testcase>
  <testcase name="componentsInPlace" classname="ticTacToe.TicTacToeApplicationTest" time="0.252"/>
  <testcase name="gameCanBeWonOrLost" classname="ticTacToe.TicTacToeApplicationTest" time="0.238">
    <failure message="At the beginning of the game the text label should display &quot;Turn: X&quot;. Now it contained the text: &quot;Turn: &quot;. expected:&lt;Turn: [X]&gt; but was:&lt;Turn: []&gt;" type="org.junit.ComparisonFailure"><![CDATA[org.junit.ComparisonFailure: At the beginning of the game the text label should display "Turn: X". Now it contained the text: "Turn: ". expected:<Turn: [X]> but was:<Turn: []>
	at ticTacToe.TicTacToeApplicationTest.gameCanBeWonOrLost(TicTacToeApplicationTest.java:158)
]]></failure>
  </testcase>
</testsuite>